<?xml version="1.0" encoding="UTF-8"?>
<!-- Generated by org.testng.reporters.JUnitXMLReporter -->
<testsuite hostname="MSI" name="Default test" tests="6" failures="0" timestamp="17 Jan 2017 11:45:13 GMT" time="8.632" errors="0">
  <testcase name="testBoolean" time="4.184" classname="com.jgg.sdp.calc.test.TestCalculator"/>
  <testcase name="testBoolean" time="0.001" classname="com.jgg.sdp.calc.test.TestCalculator"/>
  <testcase name="testBoolean" time="0.001" classname="com.jgg.sdp.calc.test.TestCalculator"/>
  <testcase name="testValues" time="4.414" classname="com.jgg.sdp.calc.test.TestCalculator"/>
  <testcase name="testValues" time="0.001" classname="com.jgg.sdp.calc.test.TestCalculator"/>
  <testcase name="testValues" time="0.001" classname="com.jgg.sdp.calc.test.TestCalculator"/>
</testsuite> <!-- Default test -->
